This file contains any messages produced by compilers while
running configure, to aid debugging if configure makes a mistake.

It was created by cjs configure 2.0.0, which was
generated by GNU Autoconf 2.69.  Invocation command line was

  $ /home/arun/DE/CJS/cjs/./configure --build=i686-linux-gnu --prefix=/usr --includedir=${prefix}/include --mandir=${prefix}/share/man --infodir=${prefix}/share/info --sysconfdir=/etc --localstatedir=/var --libexecdir=${prefix}/lib/cjs --srcdir=. --disable-maintainer-mode --disable-dependency-tracking --disable-silent-rules

## --------- ##
## Platform. ##
## --------- ##

hostname = arun-laptop
uname -m = i686
uname -r = 3.5.0-17-generic
uname -s = Linux
uname -v = #28-Ubuntu SMP Tue Oct 9 19:32:08 UTC 2012

/usr/bin/uname -p = unknown
/bin/uname -X     = unknown

/bin/arch              = unknown
/usr/bin/arch -k       = unknown
/usr/convex/getsysinfo = unknown
/usr/bin/hostinfo      = unknown
/bin/machine           = unknown
/usr/bin/oslevel       = unknown
/bin/universe          = unknown

PATH: /usr/local/sbin
PATH: /usr/local/bin
PATH: /usr/sbin
PATH: /usr/bin
PATH: /sbin
PATH: /bin
PATH: /usr/games
PATH: /usr/local/games


## ----------- ##
## Core tests. ##
## ----------- ##

configure:2484: checking for a BSD-compatible install
configure:2552: result: /usr/bin/install -c
configure:2563: checking whether build environment is sane
configure:2613: result: yes
configure:2754: checking for a thread-safe mkdir -p
configure:2793: result: /bin/mkdir -p
configure:2806: checking for gawk
configure:2822: found /usr/bin/gawk
configure:2833: result: gawk
configure:2844: checking whether make sets $(MAKE)
configure:2866: result: yes
configure:2959: checking whether to enable maintainer-specific portions of Makefiles
configure:2968: result: no
configure:2992: checking whether make supports nested variables
configure:3009: result: yes
configure:3076: checking for pkg-config
configure:3094: found /usr/bin/pkg-config
configure:3106: result: /usr/bin/pkg-config
configure:3131: checking pkg-config is at least version 0.9.0
configure:3134: result: yes
configure:3191: checking for gcc
configure:3207: found /usr/bin/gcc
configure:3218: result: gcc
configure:3447: checking for C compiler version
configure:3456: gcc --version >&5
gcc (Ubuntu/Linaro 4.7.2-2ubuntu1) 4.7.2
Copyright (C) 2012 Free Software Foundation, Inc.
This is free software; see the source for copying conditions.  There is NO
warranty; not even for MERCHANTABILITY or FITNESS FOR A PARTICULAR PURPOSE.

configure:3467: $? = 0
configure:3456: gcc -v >&5
Using built-in specs.
COLLECT_GCC=gcc
COLLECT_LTO_WRAPPER=/usr/lib/gcc/i686-linux-gnu/4.7/lto-wrapper
Target: i686-linux-gnu
Configured with: ../src/configure -v --with-pkgversion='Ubuntu/Linaro 4.7.2-2ubuntu1' --with-bugurl=file:///usr/share/doc/gcc-4.7/README.Bugs --enable-languages=c,c++,go,fortran,objc,obj-c++ --prefix=/usr --program-suffix=-4.7 --enable-shared --enable-linker-build-id --with-system-zlib --libexecdir=/usr/lib --without-included-gettext --enable-threads=posix --with-gxx-include-dir=/usr/include/c++/4.7 --libdir=/usr/lib --enable-nls --with-sysroot=/ --enable-clocale=gnu --enable-libstdcxx-debug --enable-libstdcxx-time=yes --enable-gnu-unique-object --enable-plugin --enable-objc-gc --enable-targets=all --disable-werror --with-arch-32=i686 --with-tune=generic --enable-checking=release --build=i686-linux-gnu --host=i686-linux-gnu --target=i686-linux-gnu
Thread model: posix
gcc version 4.7.2 (Ubuntu/Linaro 4.7.2-2ubuntu1) 
configure:3467: $? = 0
configure:3456: gcc -V >&5
gcc: error: unrecognized command line option '-V'
gcc: fatal error: no input files
compilation terminated.
configure:3467: $? = 4
configure:3456: gcc -qversion >&5
gcc: error: unrecognized command line option '-qversion'
gcc: fatal error: no input files
compilation terminated.
configure:3467: $? = 4
configure:3487: checking whether the C compiler works
configure:3509: gcc -g -O2 -fstack-protector --param=ssp-buffer-size=4 -Wformat -Werror=format-security -Wall -D_FORTIFY_SOURCE=2 -Wl,-Bsymbolic-functions -Wl,-z,relro conftest.c  >&5
configure:3513: $? = 0
configure:3561: result: yes
configure:3564: checking for C compiler default output file name
configure:3566: result: a.out
configure:3572: checking for suffix of executables
configure:3579: gcc -o conftest -g -O2 -fstack-protector --param=ssp-buffer-size=4 -Wformat -Werror=format-security -Wall -D_FORTIFY_SOURCE=2 -Wl,-Bsymbolic-functions -Wl,-z,relro conftest.c  >&5
configure:3583: $? = 0
configure:3605: result: 
configure:3627: checking whether we are cross compiling
configure:3635: gcc -o conftest -g -O2 -fstack-protector --param=ssp-buffer-size=4 -Wformat -Werror=format-security -Wall -D_FORTIFY_SOURCE=2 -Wl,-Bsymbolic-functions -Wl,-z,relro conftest.c  >&5
configure:3639: $? = 0
configure:3646: ./conftest
configure:3650: $? = 0
configure:3665: result: no
configure:3670: checking for suffix of object files
configure:3692: gcc -c -g -O2 -fstack-protector --param=ssp-buffer-size=4 -Wformat -Werror=format-security -Wall -D_FORTIFY_SOURCE=2 conftest.c >&5
configure:3696: $? = 0
configure:3717: result: o
configure:3721: checking whether we are using the GNU C compiler
configure:3740: gcc -c -g -O2 -fstack-protector --param=ssp-buffer-size=4 -Wformat -Werror=format-security -Wall -D_FORTIFY_SOURCE=2 conftest.c >&5
configure:3740: $? = 0
configure:3749: result: yes
configure:3758: checking whether gcc accepts -g
configure:3778: gcc -c -g -D_FORTIFY_SOURCE=2 conftest.c >&5
configure:3778: $? = 0
configure:3819: result: yes
configure:3836: checking for gcc option to accept ISO C89
configure:3899: gcc  -c -g -O2 -fstack-protector --param=ssp-buffer-size=4 -Wformat -Werror=format-security -Wall -D_FORTIFY_SOURCE=2 conftest.c >&5
configure:3899: $? = 0
configure:3912: result: none needed
configure:3943: checking for style of include used by make
configure:3971: result: GNU
configure:3997: checking dependency style of gcc
configure:4108: result: none
configure:4124: checking whether gcc and cc understand -c and -o together
configure:4155: gcc -c conftest.c -o conftest2.o >&5
configure:4159: $? = 0
configure:4165: gcc -c conftest.c -o conftest2.o >&5
configure:4169: $? = 0
configure:4180: cc -c conftest.c >&5
configure:4184: $? = 0
configure:4192: cc -c conftest.c -o conftest2.o >&5
configure:4196: $? = 0
configure:4202: cc -c conftest.c -o conftest2.o >&5
configure:4206: $? = 0
configure:4224: result: yes
configure:4307: checking for g++
configure:4323: found /usr/bin/g++
configure:4334: result: g++
configure:4361: checking for C++ compiler version
configure:4370: g++ --version >&5
g++ (Ubuntu/Linaro 4.7.2-2ubuntu1) 4.7.2
Copyright (C) 2012 Free Software Foundation, Inc.
This is free software; see the source for copying conditions.  There is NO
warranty; not even for MERCHANTABILITY or FITNESS FOR A PARTICULAR PURPOSE.

configure:4381: $? = 0
configure:4370: g++ -v >&5
Using built-in specs.
COLLECT_GCC=g++
COLLECT_LTO_WRAPPER=/usr/lib/gcc/i686-linux-gnu/4.7/lto-wrapper
Target: i686-linux-gnu
Configured with: ../src/configure -v --with-pkgversion='Ubuntu/Linaro 4.7.2-2ubuntu1' --with-bugurl=file:///usr/share/doc/gcc-4.7/README.Bugs --enable-languages=c,c++,go,fortran,objc,obj-c++ --prefix=/usr --program-suffix=-4.7 --enable-shared --enable-linker-build-id --with-system-zlib --libexecdir=/usr/lib --without-included-gettext --enable-threads=posix --with-gxx-include-dir=/usr/include/c++/4.7 --libdir=/usr/lib --enable-nls --with-sysroot=/ --enable-clocale=gnu --enable-libstdcxx-debug --enable-libstdcxx-time=yes --enable-gnu-unique-object --enable-plugin --enable-objc-gc --enable-targets=all --disable-werror --with-arch-32=i686 --with-tune=generic --enable-checking=release --build=i686-linux-gnu --host=i686-linux-gnu --target=i686-linux-gnu
Thread model: posix
gcc version 4.7.2 (Ubuntu/Linaro 4.7.2-2ubuntu1) 
configure:4381: $? = 0
configure:4370: g++ -V >&5
g++: error: unrecognized command line option '-V'
g++: fatal error: no input files
compilation terminated.
configure:4381: $? = 4
configure:4370: g++ -qversion >&5
g++: error: unrecognized command line option '-qversion'
g++: fatal error: no input files
compilation terminated.
configure:4381: $? = 4
configure:4385: checking whether we are using the GNU C++ compiler
configure:4404: g++ -c -g -O2 -fstack-protector --param=ssp-buffer-size=4 -Wformat -Werror=format-security -Wall -D_FORTIFY_SOURCE=2 conftest.cpp >&5
configure:4404: $? = 0
configure:4413: result: yes
configure:4422: checking whether g++ accepts -g
configure:4442: g++ -c -g -D_FORTIFY_SOURCE=2 conftest.cpp >&5
configure:4442: $? = 0
configure:4483: result: yes
configure:4508: checking dependency style of g++
configure:4619: result: none
configure:4635: checking for library containing strerror
configure:4666: gcc -o conftest -g -O2 -fstack-protector --param=ssp-buffer-size=4 -Wformat -Werror=format-security -Wall -D_FORTIFY_SOURCE=2 -Wl,-Bsymbolic-functions -Wl,-z,relro conftest.c  >&5
configure:4666: $? = 0
configure:4683: result: none required
configure:4696: checking how to run the C preprocessor
configure:4727: gcc -E -D_FORTIFY_SOURCE=2 conftest.c
configure:4727: $? = 0
configure:4741: gcc -E -D_FORTIFY_SOURCE=2 conftest.c
conftest.c:12:28: fatal error: ac_nonexistent.h: No such file or directory
compilation terminated.
configure:4741: $? = 1
configure: failed program was:
| /* confdefs.h */
| #define PACKAGE_NAME "cjs"
| #define PACKAGE_TARNAME "cjs"
| #define PACKAGE_VERSION "2.0.0"
| #define PACKAGE_STRING "cjs 2.0.0"
| #define PACKAGE_BUGREPORT "http://bugzilla.gnome.org/enter_bug.cgi?product=cjs"
| #define PACKAGE_URL ""
| #define PACKAGE "cjs"
| #define VERSION "2.0.0"
| #define GETTEXT_PACKAGE "cjs"
| /* end confdefs.h.  */
| #include <ac_nonexistent.h>
configure:4766: result: gcc -E
configure:4786: gcc -E -D_FORTIFY_SOURCE=2 conftest.c
configure:4786: $? = 0
configure:4800: gcc -E -D_FORTIFY_SOURCE=2 conftest.c
conftest.c:12:28: fatal error: ac_nonexistent.h: No such file or directory
compilation terminated.
configure:4800: $? = 1
configure: failed program was:
| /* confdefs.h */
| #define PACKAGE_NAME "cjs"
| #define PACKAGE_TARNAME "cjs"
| #define PACKAGE_VERSION "2.0.0"
| #define PACKAGE_STRING "cjs 2.0.0"
| #define PACKAGE_BUGREPORT "http://bugzilla.gnome.org/enter_bug.cgi?product=cjs"
| #define PACKAGE_URL ""
| #define PACKAGE "cjs"
| #define VERSION "2.0.0"
| #define GETTEXT_PACKAGE "cjs"
| /* end confdefs.h.  */
| #include <ac_nonexistent.h>
configure:4829: checking for grep that handles long lines and -e
configure:4887: result: /bin/grep
configure:4892: checking for egrep
configure:4954: result: /bin/grep -E
configure:4959: checking for ANSI C header files
configure:4979: gcc -c -g -O2 -fstack-protector --param=ssp-buffer-size=4 -Wformat -Werror=format-security -Wall -D_FORTIFY_SOURCE=2 conftest.c >&5
configure:4979: $? = 0
configure:5052: gcc -o conftest -g -O2 -fstack-protector --param=ssp-buffer-size=4 -Wformat -Werror=format-security -Wall -D_FORTIFY_SOURCE=2 -Wl,-Bsymbolic-functions -Wl,-z,relro conftest.c  >&5
configure:5052: $? = 0
configure:5052: ./conftest
configure:5052: $? = 0
configure:5063: result: yes
configure:5134: checking build system type
configure:5148: result: i686-pc-linux-gnu
configure:5168: checking host system type
configure:5181: result: i686-pc-linux-gnu
configure:5222: checking how to print strings
configure:5249: result: printf
configure:5270: checking for a sed that does not truncate output
configure:5334: result: /bin/sed
configure:5352: checking for fgrep
configure:5414: result: /bin/grep -F
configure:5449: checking for ld used by gcc
configure:5516: result: /usr/bin/ld
configure:5523: checking if the linker (/usr/bin/ld) is GNU ld
configure:5538: result: yes
configure:5550: checking for BSD- or MS-compatible name lister (nm)
configure:5599: result: /usr/bin/nm -B
configure:5729: checking the name lister (/usr/bin/nm -B) interface
configure:5736: gcc -c -g -O2 -fstack-protector --param=ssp-buffer-size=4 -Wformat -Werror=format-security -Wall -D_FORTIFY_SOURCE=2 conftest.c >&5
configure:5739: /usr/bin/nm -B "conftest.o"
configure:5742: output
00000000 B some_variable
configure:5749: result: BSD nm
configure:5752: checking whether ln -s works
configure:5756: result: yes
configure:5764: checking the maximum length of command line arguments
configure:5894: result: 805306365
configure:5911: checking whether the shell understands some XSI constructs
configure:5921: result: yes
configure:5925: checking whether the shell understands "+="
configure:5931: result: yes
configure:5966: checking how to convert i686-pc-linux-gnu file names to i686-pc-linux-gnu format
configure:6006: result: func_convert_file_noop
configure:6013: checking how to convert i686-pc-linux-gnu file names to toolchain format
configure:6033: result: func_convert_file_noop
configure:6040: checking for /usr/bin/ld option to reload object files
configure:6047: result: -r
configure:6121: checking for objdump
configure:6137: found /usr/bin/objdump
configure:6148: result: objdump
configure:6180: checking how to recognize dependent libraries
configure:6382: result: pass_all
configure:6467: checking for dlltool
configure:6497: result: no
configure:6527: checking how to associate runtime and link libraries
configure:6554: result: printf %s\n
configure:6614: checking for ar
configure:6630: found /usr/bin/ar
configure:6641: result: ar
configure:6678: checking for archiver @FILE support
configure:6695: gcc -c -g -O2 -fstack-protector --param=ssp-buffer-size=4 -Wformat -Werror=format-security -Wall -D_FORTIFY_SOURCE=2 conftest.c >&5
configure:6695: $? = 0
configure:6698: ar cru libconftest.a @conftest.lst >&5
configure:6701: $? = 0
configure:6706: ar cru libconftest.a @conftest.lst >&5
ar: conftest.o: No such file or directory
configure:6709: $? = 1
configure:6721: result: @
configure:6779: checking for strip
configure:6795: found /usr/bin/strip
configure:6806: result: strip
configure:6878: checking for ranlib
configure:6894: found /usr/bin/ranlib
configure:6905: result: ranlib
configure:7007: checking command to parse /usr/bin/nm -B output from gcc object
configure:7127: gcc -c -g -O2 -fstack-protector --param=ssp-buffer-size=4 -Wformat -Werror=format-security -Wall -D_FORTIFY_SOURCE=2 conftest.c >&5
configure:7130: $? = 0
configure:7134: /usr/bin/nm -B conftest.o \| sed -n -e 's/^.*[ ]\([ABCDGIRSTW][ABCDGIRSTW]*\)[ ][ ]*\([_A-Za-z][_A-Za-z0-9]*\)$/\1 \2 \2/p' | sed '/ __gnu_lto/d' \> conftest.nm
configure:7137: $? = 0
configure:7203: gcc -o conftest -g -O2 -fstack-protector --param=ssp-buffer-size=4 -Wformat -Werror=format-security -Wall -D_FORTIFY_SOURCE=2 -Wl,-Bsymbolic-functions -Wl,-z,relro conftest.c conftstm.o >&5
configure:7206: $? = 0
configure:7244: result: ok
configure:7281: checking for sysroot
configure:7311: result: no
configure:7567: checking for mt
configure:7583: found /bin/mt
configure:7594: result: mt
configure:7617: checking if mt is a manifest tool
configure:7623: mt '-?'
configure:7631: result: no
configure:8273: checking for sys/types.h
configure:8273: gcc -c -g -O2 -fstack-protector --param=ssp-buffer-size=4 -Wformat -Werror=format-security -Wall -D_FORTIFY_SOURCE=2 conftest.c >&5
configure:8273: $? = 0
configure:8273: result: yes
configure:8273: checking for sys/stat.h
configure:8273: gcc -c -g -O2 -fstack-protector --param=ssp-buffer-size=4 -Wformat -Werror=format-security -Wall -D_FORTIFY_SOURCE=2 conftest.c >&5
configure:8273: $? = 0
configure:8273: result: yes
configure:8273: checking for stdlib.h
configure:8273: gcc -c -g -O2 -fstack-protector --param=ssp-buffer-size=4 -Wformat -Werror=format-security -Wall -D_FORTIFY_SOURCE=2 conftest.c >&5
configure:8273: $? = 0
configure:8273: result: yes
configure:8273: checking for string.h
configure:8273: gcc -c -g -O2 -fstack-protector --param=ssp-buffer-size=4 -Wformat -Werror=format-security -Wall -D_FORTIFY_SOURCE=2 conftest.c >&5
configure:8273: $? = 0
configure:8273: result: yes
configure:8273: checking for memory.h
configure:8273: gcc -c -g -O2 -fstack-protector --param=ssp-buffer-size=4 -Wformat -Werror=format-security -Wall -D_FORTIFY_SOURCE=2 conftest.c >&5
configure:8273: $? = 0
configure:8273: result: yes
configure:8273: checking for strings.h
configure:8273: gcc -c -g -O2 -fstack-protector --param=ssp-buffer-size=4 -Wformat -Werror=format-security -Wall -D_FORTIFY_SOURCE=2 conftest.c >&5
configure:8273: $? = 0
configure:8273: result: yes
configure:8273: checking for inttypes.h
configure:8273: gcc -c -g -O2 -fstack-protector --param=ssp-buffer-size=4 -Wformat -Werror=format-security -Wall -D_FORTIFY_SOURCE=2 conftest.c >&5
configure:8273: $? = 0
configure:8273: result: yes
configure:8273: checking for stdint.h
configure:8273: gcc -c -g -O2 -fstack-protector --param=ssp-buffer-size=4 -Wformat -Werror=format-security -Wall -D_FORTIFY_SOURCE=2 conftest.c >&5
configure:8273: $? = 0
configure:8273: result: yes
configure:8273: checking for unistd.h
configure:8273: gcc -c -g -O2 -fstack-protector --param=ssp-buffer-size=4 -Wformat -Werror=format-security -Wall -D_FORTIFY_SOURCE=2 conftest.c >&5
configure:8273: $? = 0
configure:8273: result: yes
configure:8287: checking for dlfcn.h
configure:8287: gcc -c -g -O2 -fstack-protector --param=ssp-buffer-size=4 -Wformat -Werror=format-security -Wall -D_FORTIFY_SOURCE=2 conftest.c >&5
configure:8287: $? = 0
configure:8287: result: yes
configure:8474: checking for objdir
configure:8489: result: .libs
configure:8756: checking if gcc supports -fno-rtti -fno-exceptions
configure:8774: gcc -c -g -O2 -fstack-protector --param=ssp-buffer-size=4 -Wformat -Werror=format-security -Wall -D_FORTIFY_SOURCE=2 -fno-rtti -fno-exceptions conftest.c >&5
cc1: warning: command line option '-fno-rtti' is valid for C++/ObjC++ but not for C [enabled by default]
configure:8778: $? = 0
configure:8791: result: no
configure:9118: checking for gcc option to produce PIC
configure:9125: result: -fPIC -DPIC
configure:9133: checking if gcc PIC flag -fPIC -DPIC works
configure:9151: gcc -c -g -O2 -fstack-protector --param=ssp-buffer-size=4 -Wformat -Werror=format-security -Wall -D_FORTIFY_SOURCE=2 -fPIC -DPIC -DPIC conftest.c >&5
configure:9155: $? = 0
configure:9168: result: yes
configure:9197: checking if gcc static flag -static works
configure:9225: result: yes
configure:9240: checking if gcc supports -c -o file.o
configure:9261: gcc -c -g -O2 -fstack-protector --param=ssp-buffer-size=4 -Wformat -Werror=format-security -Wall -D_FORTIFY_SOURCE=2 -o out/conftest2.o conftest.c >&5
configure:9265: $? = 0
configure:9287: result: yes
configure:9295: checking if gcc supports -c -o file.o
configure:9342: result: yes
configure:9375: checking whether the gcc linker (/usr/bin/ld) supports shared libraries
configure:10532: result: yes
configure:10569: checking whether -lc should be explicitly linked in
configure:10577: gcc -c -g -O2 -fstack-protector --param=ssp-buffer-size=4 -Wformat -Werror=format-security -Wall -D_FORTIFY_SOURCE=2 conftest.c >&5
configure:10580: $? = 0
configure:10595: gcc -shared  -fPIC -DPIC conftest.o  -v -Wl,-soname -Wl,conftest -o conftest 2\>\&1 \| /bin/grep  -lc  \>/dev/null 2\>\&1
configure:10598: $? = 0
configure:10612: result: no
configure:10772: checking dynamic linker characteristics
configure:11283: gcc -o conftest -g -O2 -fstack-protector --param=ssp-buffer-size=4 -Wformat -Werror=format-security -Wall -D_FORTIFY_SOURCE=2 -Wl,-Bsymbolic-functions -Wl,-z,relro -Wl,-rpath -Wl,/foo conftest.c  >&5
configure:11283: $? = 0
configure:11517: result: GNU/Linux ld.so
configure:11624: checking how to hardcode library paths into programs
configure:11649: result: immediate
configure:12189: checking whether stripping libraries is possible
configure:12194: result: yes
configure:12229: checking if libtool supports shared libraries
configure:12231: result: yes
configure:12234: checking whether to build shared libraries
configure:12255: result: yes
configure:12258: checking whether to build static libraries
configure:12262: result: no
configure:12285: checking how to run the C++ preprocessor
configure:12312: g++ -E -D_FORTIFY_SOURCE=2 conftest.cpp
configure:12312: $? = 0
configure:12326: g++ -E -D_FORTIFY_SOURCE=2 conftest.cpp
conftest.cpp:24:28: fatal error: ac_nonexistent.h: No such file or directory
compilation terminated.
configure:12326: $? = 1
configure: failed program was:
| /* confdefs.h */
| #define PACKAGE_NAME "cjs"
| #define PACKAGE_TARNAME "cjs"
| #define PACKAGE_VERSION "2.0.0"
| #define PACKAGE_STRING "cjs 2.0.0"
| #define PACKAGE_BUGREPORT "http://bugzilla.gnome.org/enter_bug.cgi?product=cjs"
| #define PACKAGE_URL ""
| #define PACKAGE "cjs"
| #define VERSION "2.0.0"
| #define GETTEXT_PACKAGE "cjs"
| #define STDC_HEADERS 1
| #define HAVE_SYS_TYPES_H 1
| #define HAVE_SYS_STAT_H 1
| #define HAVE_STDLIB_H 1
| #define HAVE_STRING_H 1
| #define HAVE_MEMORY_H 1
| #define HAVE_STRINGS_H 1
| #define HAVE_INTTYPES_H 1
| #define HAVE_STDINT_H 1
| #define HAVE_UNISTD_H 1
| #define HAVE_DLFCN_H 1
| #define LT_OBJDIR ".libs/"
| /* end confdefs.h.  */
| #include <ac_nonexistent.h>
configure:12351: result: g++ -E
configure:12371: g++ -E -D_FORTIFY_SOURCE=2 conftest.cpp
configure:12371: $? = 0
configure:12385: g++ -E -D_FORTIFY_SOURCE=2 conftest.cpp
conftest.cpp:24:28: fatal error: ac_nonexistent.h: No such file or directory
compilation terminated.
configure:12385: $? = 1
configure: failed program was:
| /* confdefs.h */
| #define PACKAGE_NAME "cjs"
| #define PACKAGE_TARNAME "cjs"
| #define PACKAGE_VERSION "2.0.0"
| #define PACKAGE_STRING "cjs 2.0.0"
| #define PACKAGE_BUGREPORT "http://bugzilla.gnome.org/enter_bug.cgi?product=cjs"
| #define PACKAGE_URL ""
| #define PACKAGE "cjs"
| #define VERSION "2.0.0"
| #define GETTEXT_PACKAGE "cjs"
| #define STDC_HEADERS 1
| #define HAVE_SYS_TYPES_H 1
| #define HAVE_SYS_STAT_H 1
| #define HAVE_STDLIB_H 1
| #define HAVE_STRING_H 1
| #define HAVE_MEMORY_H 1
| #define HAVE_STRINGS_H 1
| #define HAVE_INTTYPES_H 1
| #define HAVE_STDINT_H 1
| #define HAVE_UNISTD_H 1
| #define HAVE_DLFCN_H 1
| #define LT_OBJDIR ".libs/"
| /* end confdefs.h.  */
| #include <ac_nonexistent.h>
configure:12554: checking for ld used by g++
configure:12621: result: /usr/bin/ld
configure:12628: checking if the linker (/usr/bin/ld) is GNU ld
configure:12643: result: yes
configure:12698: checking whether the g++ linker (/usr/bin/ld) supports shared libraries
configure:13703: result: yes
configure:13739: g++ -c -g -O2 -fstack-protector --param=ssp-buffer-size=4 -Wformat -Werror=format-security -Wall -D_FORTIFY_SOURCE=2 conftest.cpp >&5
configure:13742: $? = 0
configure:14262: checking for g++ option to produce PIC
configure:14269: result: -fPIC -DPIC
configure:14277: checking if g++ PIC flag -fPIC -DPIC works
configure:14295: g++ -c -g -O2 -fstack-protector --param=ssp-buffer-size=4 -Wformat -Werror=format-security -Wall -D_FORTIFY_SOURCE=2 -fPIC -DPIC -DPIC conftest.cpp >&5
configure:14299: $? = 0
configure:14312: result: yes
configure:14335: checking if g++ static flag -static works
configure:14363: result: yes
configure:14375: checking if g++ supports -c -o file.o
configure:14396: g++ -c -g -O2 -fstack-protector --param=ssp-buffer-size=4 -Wformat -Werror=format-security -Wall -D_FORTIFY_SOURCE=2 -o out/conftest2.o conftest.cpp >&5
configure:14400: $? = 0
configure:14422: result: yes
configure:14427: checking if g++ supports -c -o file.o
configure:14474: result: yes
configure:14504: checking whether the g++ linker (/usr/bin/ld) supports shared libraries
configure:14543: result: yes
configure:14684: checking dynamic linker characteristics
configure:15363: result: GNU/Linux ld.so
configure:15416: checking how to hardcode library paths into programs
configure:15441: result: immediate
configure:15504: checking for an ANSI C-conforming const
configure:15570: gcc -c -g -O2 -fstack-protector --param=ssp-buffer-size=4 -Wformat -Werror=format-security -Wall -D_FORTIFY_SOURCE=2 conftest.c >&5
configure:15570: $? = 0
configure:15577: result: yes
configure:15841: checking malloc.h usability
configure:15841: gcc -c -Wnested-externs -Wmissing-prototypes -Wsign-compare -Wcast-align -Wpointer-arith -Wmissing-declarations -Wchar-subscripts -g -O2 -fstack-protector --param=ssp-buffer-size=4 -Wformat -Werror=format-security -Wall -D_FORTIFY_SOURCE=2 conftest.c >&5
configure:15841: $? = 0
configure:15841: result: yes
configure:15841: checking malloc.h presence
configure:15841: gcc -E -D_FORTIFY_SOURCE=2 conftest.c
configure:15841: $? = 0
configure:15841: result: yes
configure:15841: checking for malloc.h
configure:15841: result: yes
configure:15853: checking for mallinfo
configure:15853: gcc -o conftest -Wnested-externs -Wmissing-prototypes -Wsign-compare -Wcast-align -Wpointer-arith -Wmissing-declarations -Wchar-subscripts -g -O2 -fstack-protector --param=ssp-buffer-size=4 -Wformat -Werror=format-security -Wall -D_FORTIFY_SOURCE=2 -Wl,-Bsymbolic-functions -Wl,-z,relro conftest.c  >&5
configure:15853: $? = 0
configure:15853: result: yes
configure:15868: checking for JS_CLASS_TRACE macro
configure:15887: gcc -c -Wnested-externs -Wmissing-prototypes -Wsign-compare -Wcast-align -Wpointer-arith -Wmissing-declarations -Wchar-subscripts -g -O2 -fstack-protector --param=ssp-buffer-size=4 -Wformat -Werror=format-security -Wall  -D_FORTIFY_SOURCE=2 conftest.c >&5
conftest.c:27:31: fatal error: jsapi.h: No such file or directory
compilation terminated.
configure:15887: $? = 1
configure: failed program was:
| /* confdefs.h */
| #define PACKAGE_NAME "cjs"
| #define PACKAGE_TARNAME "cjs"
| #define PACKAGE_VERSION "2.0.0"
| #define PACKAGE_STRING "cjs 2.0.0"
| #define PACKAGE_BUGREPORT "http://bugzilla.gnome.org/enter_bug.cgi?product=cjs"
| #define PACKAGE_URL ""
| #define PACKAGE "cjs"
| #define VERSION "2.0.0"
| #define GETTEXT_PACKAGE "cjs"
| #define STDC_HEADERS 1
| #define HAVE_SYS_TYPES_H 1
| #define HAVE_SYS_STAT_H 1
| #define HAVE_STDLIB_H 1
| #define HAVE_STRING_H 1
| #define HAVE_MEMORY_H 1
| #define HAVE_STRINGS_H 1
| #define HAVE_INTTYPES_H 1
| #define HAVE_STDINT_H 1
| #define HAVE_UNISTD_H 1
| #define HAVE_DLFCN_H 1
| #define LT_OBJDIR ".libs/"
| #define HAVE_MALLOC_H 1
| #define HAVE_MALLINFO 1
| /* end confdefs.h.  */
| 
|             #include <jsapi.h>
| 	    #ifndef JS_CLASS_TRACE
| 	    #error "No JS_CLASS_TRACE"
| 	    #endif
| 
| int
| main ()
| {
| (void) 0;
| 
|   ;
|   return 0;
| }
configure:15901: result: no
configure:15911: checking for gobject-introspection
configure:15920: $PKG_CONFIG --exists --print-errors "gobject-introspection-1.0"
configure:15923: $? = 0
configure:15930: $PKG_CONFIG --exists --print-errors "gobject-introspection-1.0 >= 1.32.0"
configure:15933: $? = 0
configure:15957: result: yes
configure:16006: checking for GOBJECT
configure:16013: $PKG_CONFIG --exists --print-errors "gobject-2.0 >= 2.32.0"
configure:16016: $? = 0
configure:16030: $PKG_CONFIG --exists --print-errors "gobject-2.0 >= 2.32.0"
configure:16033: $? = 0
configure:16091: result: yes
configure:16097: checking for GJS
configure:16104: $PKG_CONFIG --exists --print-errors "$gjs_packages"
configure:16107: $? = 0
configure:16121: $PKG_CONFIG --exists --print-errors "$gjs_packages"
configure:16124: $? = 0
configure:16182: result: yes
configure:16189: checking for GJS_CAIRO
configure:16196: $PKG_CONFIG --exists --print-errors "$gjs_cairo_gobject_packages"
configure:16199: $? = 0
configure:16213: $PKG_CONFIG --exists --print-errors "$gjs_cairo_gobject_packages"
configure:16216: $? = 0
configure:16254: result: yes
configure:16353: checking for GJS_DBUS
configure:16360: $PKG_CONFIG --exists --print-errors "$gjs_dbus_packages"
configure:16363: $? = 0
configure:16377: $PKG_CONFIG --exists --print-errors "$gjs_dbus_packages"
configure:16380: $? = 0
configure:16438: result: yes
configure:16444: checking for GJS_GDBUS
configure:16451: $PKG_CONFIG --exists --print-errors "$gjs_gdbus_packages"
configure:16454: $? = 0
configure:16468: $PKG_CONFIG --exists --print-errors "$gjs_gdbus_packages"
configure:16471: $? = 0
configure:16529: result: yes
configure:16556: checking for dbus_message_iter_abandon_container
configure:16556: gcc -o conftest -pthread -I/usr/include/dbus-1.0 -I/usr/lib/i386-linux-gnu/dbus-1.0/include -I/usr/include/glib-2.0 -I/usr/lib/i386-linux-gnu/glib-2.0/include -I/usr/include/nspr -I/usr/include/js   -D_FORTIFY_SOURCE=2 -Wl,-Bsymbolic-functions -Wl,-z,relro conftest.c -Wl,--export-dynamic -pthread -ldbus-glib-1 -ldbus-1 -lgmodule-2.0 -lgthread-2.0 -lrt -lgio-2.0 -lgobject-2.0 -lglib-2.0 -lmozjs185 -lplds4 -lplc4 -lnspr4   >&5
configure:16556: $? = 0
configure:16556: result: yes
configure:16569: checking for GJSTESTS
configure:16576: $PKG_CONFIG --exists --print-errors "$gjstests_packages"
configure:16579: $? = 0
configure:16593: $PKG_CONFIG --exists --print-errors "$gjstests_packages"
configure:16596: $? = 0
configure:16654: result: yes
configure:16668: checking how to link readline libs
configure:16695: gcc -o conftest -Wnested-externs -Wmissing-prototypes -Wsign-compare -Wcast-align -Wpointer-arith -Wmissing-declarations -Wchar-subscripts -g -O2 -fstack-protector --param=ssp-buffer-size=4 -Wformat -Werror=format-security -Wall -D_FORTIFY_SOURCE=2 -Wl,-Bsymbolic-functions -Wl,-z,relro conftest.c -lreadline  >&5
/usr/bin/ld: cannot find -lreadline
collect2: error: ld returned 1 exit status
configure:16695: $? = 1
configure: failed program was:
| /* confdefs.h */
| #define PACKAGE_NAME "cjs"
| #define PACKAGE_TARNAME "cjs"
| #define PACKAGE_VERSION "2.0.0"
| #define PACKAGE_STRING "cjs 2.0.0"
| #define PACKAGE_BUGREPORT "http://bugzilla.gnome.org/enter_bug.cgi?product=cjs"
| #define PACKAGE_URL ""
| #define PACKAGE "cjs"
| #define VERSION "2.0.0"
| #define GETTEXT_PACKAGE "cjs"
| #define STDC_HEADERS 1
| #define HAVE_SYS_TYPES_H 1
| #define HAVE_SYS_STAT_H 1
| #define HAVE_STDLIB_H 1
| #define HAVE_STRING_H 1
| #define HAVE_MEMORY_H 1
| #define HAVE_STRINGS_H 1
| #define HAVE_INTTYPES_H 1
| #define HAVE_STDINT_H 1
| #define HAVE_UNISTD_H 1
| #define HAVE_DLFCN_H 1
| #define LT_OBJDIR ".libs/"
| #define HAVE_MALLOC_H 1
| #define HAVE_MALLINFO 1
| #define HAVE_DBUS_MESSAGE_ITER_ABANDON_CONTAINER 1
| /* end confdefs.h.  */
| 
| /* Override any GCC internal prototype to avoid an error.
|    Use char because int might match the return type of a GCC
|    builtin and then its argument prototype would still apply.  */
| #ifdef __cplusplus
| extern "C"
| #endif
| char readline ();
| int
| main ()
| {
| return readline ();
|   ;
|   return 0;
| }
configure:16695: gcc -o conftest -Wnested-externs -Wmissing-prototypes -Wsign-compare -Wcast-align -Wpointer-arith -Wmissing-declarations -Wchar-subscripts -g -O2 -fstack-protector --param=ssp-buffer-size=4 -Wformat -Werror=format-security -Wall -D_FORTIFY_SOURCE=2 -Wl,-Bsymbolic-functions -Wl,-z,relro conftest.c -lreadline -lncursesw  >&5
/usr/bin/ld: cannot find -lreadline
/usr/bin/ld: cannot find -lncursesw
collect2: error: ld returned 1 exit status
configure:16695: $? = 1
configure: failed program was:
| /* confdefs.h */
| #define PACKAGE_NAME "cjs"
| #define PACKAGE_TARNAME "cjs"
| #define PACKAGE_VERSION "2.0.0"
| #define PACKAGE_STRING "cjs 2.0.0"
| #define PACKAGE_BUGREPORT "http://bugzilla.gnome.org/enter_bug.cgi?product=cjs"
| #define PACKAGE_URL ""
| #define PACKAGE "cjs"
| #define VERSION "2.0.0"
| #define GETTEXT_PACKAGE "cjs"
| #define STDC_HEADERS 1
| #define HAVE_SYS_TYPES_H 1
| #define HAVE_SYS_STAT_H 1
| #define HAVE_STDLIB_H 1
| #define HAVE_STRING_H 1
| #define HAVE_MEMORY_H 1
| #define HAVE_STRINGS_H 1
| #define HAVE_INTTYPES_H 1
| #define HAVE_STDINT_H 1
| #define HAVE_UNISTD_H 1
| #define HAVE_DLFCN_H 1
| #define LT_OBJDIR ".libs/"
| #define HAVE_MALLOC_H 1
| #define HAVE_MALLINFO 1
| #define HAVE_DBUS_MESSAGE_ITER_ABANDON_CONTAINER 1
| /* end confdefs.h.  */
| 
| /* Override any GCC internal prototype to avoid an error.
|    Use char because int might match the return type of a GCC
|    builtin and then its argument prototype would still apply.  */
| #ifdef __cplusplus
| extern "C"
| #endif
| char readline ();
| int
| main ()
| {
| return readline ();
|   ;
|   return 0;
| }
configure:16695: gcc -o conftest -Wnested-externs -Wmissing-prototypes -Wsign-compare -Wcast-align -Wpointer-arith -Wmissing-declarations -Wchar-subscripts -g -O2 -fstack-protector --param=ssp-buffer-size=4 -Wformat -Werror=format-security -Wall -D_FORTIFY_SOURCE=2 -Wl,-Bsymbolic-functions -Wl,-z,relro conftest.c -lreadline -lncurses  >&5
/usr/bin/ld: cannot find -lreadline
/usr/bin/ld: cannot find -lncurses
collect2: error: ld returned 1 exit status
configure:16695: $? = 1
configure: failed program was:
| /* confdefs.h */
| #define PACKAGE_NAME "cjs"
| #define PACKAGE_TARNAME "cjs"
| #define PACKAGE_VERSION "2.0.0"
| #define PACKAGE_STRING "cjs 2.0.0"
| #define PACKAGE_BUGREPORT "http://bugzilla.gnome.org/enter_bug.cgi?product=cjs"
| #define PACKAGE_URL ""
| #define PACKAGE "cjs"
| #define VERSION "2.0.0"
| #define GETTEXT_PACKAGE "cjs"
| #define STDC_HEADERS 1
| #define HAVE_SYS_TYPES_H 1
| #define HAVE_SYS_STAT_H 1
| #define HAVE_STDLIB_H 1
| #define HAVE_STRING_H 1
| #define HAVE_MEMORY_H 1
| #define HAVE_STRINGS_H 1
| #define HAVE_INTTYPES_H 1
| #define HAVE_STDINT_H 1
| #define HAVE_UNISTD_H 1
| #define HAVE_DLFCN_H 1
| #define LT_OBJDIR ".libs/"
| #define HAVE_MALLOC_H 1
| #define HAVE_MALLINFO 1
| #define HAVE_DBUS_MESSAGE_ITER_ABANDON_CONTAINER 1
| /* end confdefs.h.  */
| 
| /* Override any GCC internal prototype to avoid an error.
|    Use char because int might match the return type of a GCC
|    builtin and then its argument prototype would still apply.  */
| #ifdef __cplusplus
| extern "C"
| #endif
| char readline ();
| int
| main ()
| {
| return readline ();
|   ;
|   return 0;
| }
configure:16695: gcc -o conftest -Wnested-externs -Wmissing-prototypes -Wsign-compare -Wcast-align -Wpointer-arith -Wmissing-declarations -Wchar-subscripts -g -O2 -fstack-protector --param=ssp-buffer-size=4 -Wformat -Werror=format-security -Wall -D_FORTIFY_SOURCE=2 -Wl,-Bsymbolic-functions -Wl,-z,relro conftest.c -lreadline -lcurses  >&5
/usr/bin/ld: cannot find -lreadline
/usr/bin/ld: cannot find -lcurses
collect2: error: ld returned 1 exit status
configure:16695: $? = 1
configure: failed program was:
| /* confdefs.h */
| #define PACKAGE_NAME "cjs"
| #define PACKAGE_TARNAME "cjs"
| #define PACKAGE_VERSION "2.0.0"
| #define PACKAGE_STRING "cjs 2.0.0"
| #define PACKAGE_BUGREPORT "http://bugzilla.gnome.org/enter_bug.cgi?product=cjs"
| #define PACKAGE_URL ""
| #define PACKAGE "cjs"
| #define VERSION "2.0.0"
| #define GETTEXT_PACKAGE "cjs"
| #define STDC_HEADERS 1
| #define HAVE_SYS_TYPES_H 1
| #define HAVE_SYS_STAT_H 1
| #define HAVE_STDLIB_H 1
| #define HAVE_STRING_H 1
| #define HAVE_MEMORY_H 1
| #define HAVE_STRINGS_H 1
| #define HAVE_INTTYPES_H 1
| #define HAVE_STDINT_H 1
| #define HAVE_UNISTD_H 1
| #define HAVE_DLFCN_H 1
| #define LT_OBJDIR ".libs/"
| #define HAVE_MALLOC_H 1
| #define HAVE_MALLINFO 1
| #define HAVE_DBUS_MESSAGE_ITER_ABANDON_CONTAINER 1
| /* end confdefs.h.  */
| 
| /* Override any GCC internal prototype to avoid an error.
|    Use char because int might match the return type of a GCC
|    builtin and then its argument prototype would still apply.  */
| #ifdef __cplusplus
| extern "C"
| #endif
| char readline ();
| int
| main ()
| {
| return readline ();
|   ;
|   return 0;
| }
configure:16695: gcc -o conftest -Wnested-externs -Wmissing-prototypes -Wsign-compare -Wcast-align -Wpointer-arith -Wmissing-declarations -Wchar-subscripts -g -O2 -fstack-protector --param=ssp-buffer-size=4 -Wformat -Werror=format-security -Wall -D_FORTIFY_SOURCE=2 -Wl,-Bsymbolic-functions -Wl,-z,relro conftest.c -lreadline -ltermcap  >&5
/usr/bin/ld: cannot find -lreadline
/usr/bin/ld: cannot find -ltermcap
collect2: error: ld returned 1 exit status
configure:16695: $? = 1
configure: failed program was:
| /* confdefs.h */
| #define PACKAGE_NAME "cjs"
| #define PACKAGE_TARNAME "cjs"
| #define PACKAGE_VERSION "2.0.0"
| #define PACKAGE_STRING "cjs 2.0.0"
| #define PACKAGE_BUGREPORT "http://bugzilla.gnome.org/enter_bug.cgi?product=cjs"
| #define PACKAGE_URL ""
| #define PACKAGE "cjs"
| #define VERSION "2.0.0"
| #define GETTEXT_PACKAGE "cjs"
| #define STDC_HEADERS 1
| #define HAVE_SYS_TYPES_H 1
| #define HAVE_SYS_STAT_H 1
| #define HAVE_STDLIB_H 1
| #define HAVE_STRING_H 1
| #define HAVE_MEMORY_H 1
| #define HAVE_STRINGS_H 1
| #define HAVE_INTTYPES_H 1
| #define HAVE_STDINT_H 1
| #define HAVE_UNISTD_H 1
| #define HAVE_DLFCN_H 1
| #define LT_OBJDIR ".libs/"
| #define HAVE_MALLOC_H 1
| #define HAVE_MALLINFO 1
| #define HAVE_DBUS_MESSAGE_ITER_ABANDON_CONTAINER 1
| /* end confdefs.h.  */
| 
| /* Override any GCC internal prototype to avoid an error.
|    Use char because int might match the return type of a GCC
|    builtin and then its argument prototype would still apply.  */
| #ifdef __cplusplus
| extern "C"
| #endif
| char readline ();
| int
| main ()
| {
| return readline ();
|   ;
|   return 0;
| }
configure:16705: result: none
configure:16720: gcc -E -D_FORTIFY_SOURCE=2 conftest.c
conftest.c:27:31: fatal error: readline/readline.h: No such file or directory
compilation terminated.
configure:16720: $? = 1
configure: failed program was:
| /* confdefs.h */
| #define PACKAGE_NAME "cjs"
| #define PACKAGE_TARNAME "cjs"
| #define PACKAGE_VERSION "2.0.0"
| #define PACKAGE_STRING "cjs 2.0.0"
| #define PACKAGE_BUGREPORT "http://bugzilla.gnome.org/enter_bug.cgi?product=cjs"
| #define PACKAGE_URL ""
| #define PACKAGE "cjs"
| #define VERSION "2.0.0"
| #define GETTEXT_PACKAGE "cjs"
| #define STDC_HEADERS 1
| #define HAVE_SYS_TYPES_H 1
| #define HAVE_SYS_STAT_H 1
| #define HAVE_STDLIB_H 1
| #define HAVE_STRING_H 1
| #define HAVE_MEMORY_H 1
| #define HAVE_STRINGS_H 1
| #define HAVE_INTTYPES_H 1
| #define HAVE_STDINT_H 1
| #define HAVE_UNISTD_H 1
| #define HAVE_DLFCN_H 1
| #define LT_OBJDIR ".libs/"
| #define HAVE_MALLOC_H 1
| #define HAVE_MALLINFO 1
| #define HAVE_DBUS_MESSAGE_ITER_ABANDON_CONTAINER 1
| /* end confdefs.h.  */
| #include <readline/readline.h>
configure:16743: checking for backtrace
configure:16743: gcc -o conftest -Wnested-externs -Wmissing-prototypes -Wsign-compare -Wcast-align -Wpointer-arith -Wmissing-declarations -Wchar-subscripts -g -O2 -fstack-protector --param=ssp-buffer-size=4 -Wformat -Werror=format-security -Wall -D_FORTIFY_SOURCE=2 -Wl,-Bsymbolic-functions -Wl,-z,relro conftest.c  >&5
configure:16743: $? = 0
configure:16743: result: yes
configure:16754: checking whether to include systemtap tracing support
configure:16763: result: no
configure:16766: checking whether to include dtrace tracing support
configure:16775: result: no
configure:16856: checking for an ANSI C-conforming const
configure:16929: result: yes
configure:17107: creating ./config.status

## ---------------------- ##
## Running config.status. ##
## ---------------------- ##

This file was extended by cjs config.status 2.0.0, which was
generated by GNU Autoconf 2.69.  Invocation command line was

  CONFIG_FILES    = 
  CONFIG_HEADERS  = 
  CONFIG_LINKS    = 
  CONFIG_COMMANDS = 
  $ ./config.status 

on arun-laptop

config.status:1208: creating Makefile
config.status:1208: creating cjs-1.0.pc
config.status:1208: creating cjs-dbus-1.0.pc
config.status:1208: creating cjs-internals-1.0.pc
config.status:1208: creating config.h
config.status:1437: executing depfiles commands
config.status:1437: executing libtool commands

## ---------------- ##
## Cache variables. ##
## ---------------- ##

ac_cv_build=i686-pc-linux-gnu
ac_cv_c_compiler_gnu=yes
ac_cv_c_const=yes
ac_cv_cxx_compiler_gnu=yes
ac_cv_env_CCC_set=
ac_cv_env_CCC_value=
ac_cv_env_CC_set=
ac_cv_env_CC_value=
ac_cv_env_CFLAGS_set=set
ac_cv_env_CFLAGS_value='-g -O2 -fstack-protector --param=ssp-buffer-size=4 -Wformat -Werror=format-security -Wall'
ac_cv_env_CPPFLAGS_set=set
ac_cv_env_CPPFLAGS_value=-D_FORTIFY_SOURCE=2
ac_cv_env_CPP_set=
ac_cv_env_CPP_value=
ac_cv_env_CXXCPP_set=
ac_cv_env_CXXCPP_value=
ac_cv_env_CXXFLAGS_set=set
ac_cv_env_CXXFLAGS_value='-g -O2 -fstack-protector --param=ssp-buffer-size=4 -Wformat -Werror=format-security -Wall'
ac_cv_env_CXX_set=
ac_cv_env_CXX_value=
ac_cv_env_GJSTESTS_CFLAGS_set=
ac_cv_env_GJSTESTS_CFLAGS_value=
ac_cv_env_GJSTESTS_LIBS_set=
ac_cv_env_GJSTESTS_LIBS_value=
ac_cv_env_GJS_CAIRO_CFLAGS_set=
ac_cv_env_GJS_CAIRO_CFLAGS_value=
ac_cv_env_GJS_CAIRO_LIBS_set=
ac_cv_env_GJS_CAIRO_LIBS_value=
ac_cv_env_GJS_CFLAGS_set=
ac_cv_env_GJS_CFLAGS_value=
ac_cv_env_GJS_DBUS_CFLAGS_set=
ac_cv_env_GJS_DBUS_CFLAGS_value=
ac_cv_env_GJS_DBUS_LIBS_set=
ac_cv_env_GJS_DBUS_LIBS_value=
ac_cv_env_GJS_GDBUS_CFLAGS_set=
ac_cv_env_GJS_GDBUS_CFLAGS_value=
ac_cv_env_GJS_GDBUS_LIBS_set=
ac_cv_env_GJS_GDBUS_LIBS_value=
ac_cv_env_GJS_LIBS_set=
ac_cv_env_GJS_LIBS_value=
ac_cv_env_GOBJECT_CFLAGS_set=
ac_cv_env_GOBJECT_CFLAGS_value=
ac_cv_env_GOBJECT_LIBS_set=
ac_cv_env_GOBJECT_LIBS_value=
ac_cv_env_LDFLAGS_set=set
ac_cv_env_LDFLAGS_value='-Wl,-Bsymbolic-functions -Wl,-z,relro'
ac_cv_env_LIBS_set=
ac_cv_env_LIBS_value=
ac_cv_env_PKG_CONFIG_LIBDIR_set=
ac_cv_env_PKG_CONFIG_LIBDIR_value=
ac_cv_env_PKG_CONFIG_PATH_set=
ac_cv_env_PKG_CONFIG_PATH_value=
ac_cv_env_PKG_CONFIG_set=
ac_cv_env_PKG_CONFIG_value=
ac_cv_env_build_alias_set=set
ac_cv_env_build_alias_value=i686-linux-gnu
ac_cv_env_host_alias_set=
ac_cv_env_host_alias_value=
ac_cv_env_target_alias_set=
ac_cv_env_target_alias_value=
ac_cv_func_backtrace=yes
ac_cv_func_dbus_message_iter_abandon_container=yes
ac_cv_func_mallinfo=yes
ac_cv_header_dlfcn_h=yes
ac_cv_header_inttypes_h=yes
ac_cv_header_malloc_h=yes
ac_cv_header_memory_h=yes
ac_cv_header_stdc=yes
ac_cv_header_stdint_h=yes
ac_cv_header_stdlib_h=yes
ac_cv_header_string_h=yes
ac_cv_header_strings_h=yes
ac_cv_header_sys_stat_h=yes
ac_cv_header_sys_types_h=yes
ac_cv_header_unistd_h=yes
ac_cv_host=i686-pc-linux-gnu
ac_cv_objext=o
ac_cv_path_EGREP='/bin/grep -E'
ac_cv_path_FGREP='/bin/grep -F'
ac_cv_path_GREP=/bin/grep
ac_cv_path_SED=/bin/sed
ac_cv_path_ac_pt_PKG_CONFIG=/usr/bin/pkg-config
ac_cv_path_install='/usr/bin/install -c'
ac_cv_path_mkdir=/bin/mkdir
ac_cv_prog_AWK=gawk
ac_cv_prog_CPP='gcc -E'
ac_cv_prog_CXXCPP='g++ -E'
ac_cv_prog_ac_ct_AR=ar
ac_cv_prog_ac_ct_CC=gcc
ac_cv_prog_ac_ct_CXX=g++
ac_cv_prog_ac_ct_MANIFEST_TOOL=mt
ac_cv_prog_ac_ct_OBJDUMP=objdump
ac_cv_prog_ac_ct_RANLIB=ranlib
ac_cv_prog_ac_ct_STRIP=strip
ac_cv_prog_cc_c89=
ac_cv_prog_cc_g=yes
ac_cv_prog_cc_gcc_c_o=yes
ac_cv_prog_cxx_g=yes
ac_cv_prog_make_make_set=yes
ac_cv_search_strerror='none required'
am_cv_CC_dependencies_compiler_type=none
am_cv_CXX_dependencies_compiler_type=none
am_cv_make_support_nested_variables=yes
gjs_cv_lib_readline=no
lt_cv_ar_at_file=@
lt_cv_archive_cmds_need_lc=no
lt_cv_deplibs_check_method=pass_all
lt_cv_file_magic_cmd='$MAGIC_CMD'
lt_cv_file_magic_test_file=
lt_cv_ld_reload_flag=-r
lt_cv_nm_interface='BSD nm'
lt_cv_objdir=.libs
lt_cv_path_LD=/usr/bin/ld
lt_cv_path_LDCXX=/usr/bin/ld
lt_cv_path_NM='/usr/bin/nm -B'
lt_cv_path_mainfest_tool=no
lt_cv_prog_compiler_c_o=yes
lt_cv_prog_compiler_c_o_CXX=yes
lt_cv_prog_compiler_pic='-fPIC -DPIC'
lt_cv_prog_compiler_pic_CXX='-fPIC -DPIC'
lt_cv_prog_compiler_pic_works=yes
lt_cv_prog_compiler_pic_works_CXX=yes
lt_cv_prog_compiler_rtti_exceptions=no
lt_cv_prog_compiler_static_works=yes
lt_cv_prog_compiler_static_works_CXX=yes
lt_cv_prog_gnu_ld=yes
lt_cv_prog_gnu_ldcxx=yes
lt_cv_sharedlib_from_linklib_cmd='printf %s\n'
lt_cv_shlibpath_overrides_runpath=no
lt_cv_sys_global_symbol_pipe='sed -n -e '\''s/^.*[	 ]\([ABCDGIRSTW][ABCDGIRSTW]*\)[	 ][	 ]*\([_A-Za-z][_A-Za-z0-9]*\)$/\1 \2 \2/p'\'' | sed '\''/ __gnu_lto/d'\'''
lt_cv_sys_global_symbol_to_c_name_address='sed -n -e '\''s/^: \([^ ]*\)[ ]*$/  {\"\1\", (void *) 0},/p'\'' -e '\''s/^[ABCDGIRSTW]* \([^ ]*\) \([^ ]*\)$/  {"\2", (void *) \&\2},/p'\'''
lt_cv_sys_global_symbol_to_c_name_address_lib_prefix='sed -n -e '\''s/^: \([^ ]*\)[ ]*$/  {\"\1\", (void *) 0},/p'\'' -e '\''s/^[ABCDGIRSTW]* \([^ ]*\) \(lib[^ ]*\)$/  {"\2", (void *) \&\2},/p'\'' -e '\''s/^[ABCDGIRSTW]* \([^ ]*\) \([^ ]*\)$/  {"lib\2", (void *) \&\2},/p'\'''
lt_cv_sys_global_symbol_to_cdecl='sed -n -e '\''s/^T .* \(.*\)$/extern int \1();/p'\'' -e '\''s/^[ABCDGIRSTW]* .* \(.*\)$/extern char \1;/p'\'''
lt_cv_sys_max_cmd_len=805306365
lt_cv_to_host_file_cmd=func_convert_file_noop
lt_cv_to_tool_file_cmd=func_convert_file_noop
pkg_cv_GJSTESTS_CFLAGS='-pthread -I/usr/include/glib-2.0 -I/usr/lib/i386-linux-gnu/glib-2.0/include -I/usr/include/nspr -I/usr/include/gobject-introspection-1.0 -I/usr/include/js  '
pkg_cv_GJSTESTS_LIBS='-Wl,--export-dynamic -pthread -lgirepository-1.0 -lffi -lgmodule-2.0 -lgthread-2.0 -lrt -lgio-2.0 -lgobject-2.0 -lglib-2.0 -lmozjs185 -lplds4 -lplc4 -lnspr4  '
pkg_cv_GJS_CAIRO_CFLAGS='-pthread -I/usr/include/cairo -I/usr/include/glib-2.0 -I/usr/lib/i386-linux-gnu/glib-2.0/include -I/usr/include/pixman-1 -I/usr/include/freetype2 -I/usr/include/libpng12 -I/usr/include/nspr -I/usr/include/js  '
pkg_cv_GJS_CAIRO_LIBS='-Wl,--export-dynamic -pthread -lcairo-gobject -lcairo -lgmodule-2.0 -lgthread-2.0 -lrt -lgio-2.0 -lgobject-2.0 -lglib-2.0 -lmozjs185 -lplds4 -lplc4 -lnspr4  '
pkg_cv_GJS_CFLAGS='-pthread -I/usr/include/glib-2.0 -I/usr/lib/i386-linux-gnu/glib-2.0/include -I/usr/include/nspr -I/usr/include/gobject-introspection-1.0 -I/usr/include/js  '
pkg_cv_GJS_DBUS_CFLAGS='-pthread -I/usr/include/dbus-1.0 -I/usr/lib/i386-linux-gnu/dbus-1.0/include -I/usr/include/glib-2.0 -I/usr/lib/i386-linux-gnu/glib-2.0/include -I/usr/include/nspr -I/usr/include/js  '
pkg_cv_GJS_DBUS_LIBS='-Wl,--export-dynamic -pthread -ldbus-glib-1 -ldbus-1 -lgmodule-2.0 -lgthread-2.0 -lrt -lgio-2.0 -lgobject-2.0 -lglib-2.0 -lmozjs185 -lplds4 -lplc4 -lnspr4  '
pkg_cv_GJS_GDBUS_CFLAGS='-pthread -I/usr/include/glib-2.0 -I/usr/lib/i386-linux-gnu/glib-2.0/include  '
pkg_cv_GJS_GDBUS_LIBS='-lgio-2.0 -lgobject-2.0 -lglib-2.0  '
pkg_cv_GJS_LIBS='-Wl,--export-dynamic -pthread -lgirepository-1.0 -lffi -lgmodule-2.0 -lgthread-2.0 -lrt -lgio-2.0 -lgobject-2.0 -lglib-2.0 -lmozjs185 -lplds4 -lplc4 -lnspr4  '
pkg_cv_GOBJECT_CFLAGS='-I/usr/include/glib-2.0 -I/usr/lib/i386-linux-gnu/glib-2.0/include  '
pkg_cv_GOBJECT_LIBS='-lgobject-2.0 -lglib-2.0  '

## ----------------- ##
## Output variables. ##
## ----------------- ##

ACLOCAL='${SHELL} /home/arun/DE/CJS/cjs/missing --run aclocal-1.11'
AMDEPBACKSLASH=''
AMDEP_FALSE=''
AMDEP_TRUE='#'
AMTAR='$${TAR-tar}'
AM_BACKSLASH='\'
AM_DEFAULT_V='$(AM_DEFAULT_VERBOSITY)'
AM_DEFAULT_VERBOSITY='1'
AM_V='$(V)'
AR='ar'
AUTOCONF='${SHELL} /home/arun/DE/CJS/cjs/missing --run autoconf'
AUTOHEADER='${SHELL} /home/arun/DE/CJS/cjs/missing --run autoheader'
AUTOMAKE='${SHELL} /home/arun/DE/CJS/cjs/missing --run automake-1.11'
AWK='gawk'
CC='gcc'
CCDEPMODE='depmode=none'
CFLAGS='-Wnested-externs -Wmissing-prototypes -Wsign-compare -Wcast-align -Wpointer-arith -Wmissing-declarations -Wchar-subscripts -g -O2 -fstack-protector --param=ssp-buffer-size=4 -Wformat -Werror=format-security -Wall'
CPP='gcc -E'
CPPFLAGS='-D_FORTIFY_SOURCE=2'
CXX='g++'
CXXCPP='g++ -E'
CXXDEPMODE='depmode=none'
CXXFLAGS='-Wsign-compare -Wcast-align -Wpointer-arith -Wmissing-declarations -Wchar-subscripts -g -O2 -fstack-protector --param=ssp-buffer-size=4 -Wformat -Werror=format-security -Wall'
CYGPATH_W='echo'
DEFS='-DHAVE_CONFIG_H'
DEPDIR='.deps'
DLLTOOL='false'
DSYMUTIL=''
DTRACE=''
DUMPBIN=''
ECHO_C=''
ECHO_N='-n'
ECHO_T=''
EGREP='/bin/grep -E'
ENABLE_COVERAGE_FALSE=''
ENABLE_COVERAGE_TRUE='#'
ENABLE_DTRACE_FALSE=''
ENABLE_DTRACE_TRUE='#'
ENABLE_SYSTEMTAP_FALSE=''
ENABLE_SYSTEMTAP_TRUE='#'
ENABLE_TESTS_FALSE='#'
ENABLE_TESTS_TRUE=''
EXEEXT=''
FGREP='/bin/grep -F'
GENHTML=''
GETTEXT_PACKAGE='cjs'
GI_DATADIR='/usr/share/gobject-introspection-1.0'
GJSTESTS_CFLAGS='-pthread -I/usr/include/glib-2.0 -I/usr/lib/i386-linux-gnu/glib-2.0/include -I/usr/include/nspr -I/usr/include/gobject-introspection-1.0 -I/usr/include/js  '
GJSTESTS_LIBS='-Wl,--export-dynamic -pthread -lgirepository-1.0 -lffi -lgmodule-2.0 -lgthread-2.0 -lrt -lgio-2.0 -lgobject-2.0 -lglib-2.0 -lmozjs185 -lplds4 -lplc4 -lnspr4  '
GJS_CAIRO_CFLAGS='-pthread -I/usr/include/cairo -I/usr/include/glib-2.0 -I/usr/lib/i386-linux-gnu/glib-2.0/include -I/usr/include/pixman-1 -I/usr/include/freetype2 -I/usr/include/libpng12 -I/usr/include/nspr -I/usr/include/js  '
GJS_CAIRO_LIBS='-Wl,--export-dynamic -pthread -lcairo-gobject -lcairo -lgmodule-2.0 -lgthread-2.0 -lrt -lgio-2.0 -lgobject-2.0 -lglib-2.0 -lmozjs185 -lplds4 -lplc4 -lnspr4  '
GJS_CFLAGS='-pthread -I/usr/include/glib-2.0 -I/usr/lib/i386-linux-gnu/glib-2.0/include -I/usr/include/nspr -I/usr/include/gobject-introspection-1.0 -I/usr/include/js  '
GJS_DBUS_CFLAGS='-pthread -I/usr/include/dbus-1.0 -I/usr/lib/i386-linux-gnu/dbus-1.0/include -I/usr/include/glib-2.0 -I/usr/lib/i386-linux-gnu/glib-2.0/include -I/usr/include/nspr -I/usr/include/js  '
GJS_DBUS_LIBS='-Wl,--export-dynamic -pthread -ldbus-glib-1 -ldbus-1 -lgmodule-2.0 -lgthread-2.0 -lrt -lgio-2.0 -lgobject-2.0 -lglib-2.0 -lmozjs185 -lplds4 -lplc4 -lnspr4  '
GJS_GDBUS_CFLAGS='-pthread -I/usr/include/glib-2.0 -I/usr/lib/i386-linux-gnu/glib-2.0/include  '
GJS_GDBUS_LIBS='-lgio-2.0 -lgobject-2.0 -lglib-2.0  '
GJS_LIBS='-Wl,--export-dynamic -pthread -lgirepository-1.0 -lffi -lgmodule-2.0 -lgthread-2.0 -lrt -lgio-2.0 -lgobject-2.0 -lglib-2.0 -lmozjs185 -lplds4 -lplc4 -lnspr4  '
GOBJECT_CFLAGS='-I/usr/include/glib-2.0 -I/usr/lib/i386-linux-gnu/glib-2.0/include  '
GOBJECT_LIBS='-lgobject-2.0 -lglib-2.0  '
GREP='/bin/grep'
HAVE_INTROSPECTION_FALSE='#'
HAVE_INTROSPECTION_TRUE=''
HAVE_READLINE=''
HAVE_READLINE_FALSE=''
HAVE_READLINE_TRUE='#'
INSTALL_DATA='${INSTALL} -m 644'
INSTALL_PROGRAM='${INSTALL}'
INSTALL_SCRIPT='${INSTALL}'
INSTALL_STRIP_PROGRAM='$(install_sh) -c -s'
INTROSPECTION_CFLAGS='-pthread -I/usr/include/glib-2.0 -I/usr/lib/i386-linux-gnu/glib-2.0/include -I/usr/include/gobject-introspection-1.0  '
INTROSPECTION_COMPILER='/usr/bin/g-ir-compiler'
INTROSPECTION_GENERATE='/usr/bin/g-ir-generate'
INTROSPECTION_GIRDIR='/usr/share/gir-1.0'
INTROSPECTION_LIBS='-lgirepository-1.0 -lgobject-2.0 -lglib-2.0  '
INTROSPECTION_MAKEFILE='/usr/share/gobject-introspection-1.0/Makefile.introspection'
INTROSPECTION_SCANNER='/usr/bin/g-ir-scanner'
INTROSPECTION_TYPELIBDIR='/usr/lib/girepository-1.0'
LCOV=''
LD='/usr/bin/ld'
LDFLAGS='-Wl,-Bsymbolic-functions -Wl,-z,relro'
LIBOBJS=''
LIBS=''
LIBTOOL='$(SHELL) $(top_builddir)/libtool'
LIPO=''
LN_S='ln -s'
LTLIBOBJS=''
MAINT='#'
MAINTAINER_MODE_FALSE=''
MAINTAINER_MODE_TRUE='#'
MAKEINFO='${SHELL} /home/arun/DE/CJS/cjs/missing --run makeinfo'
MANIFEST_TOOL=':'
MKDIR_P='/bin/mkdir -p'
NM='/usr/bin/nm -B'
NMEDIT=''
OBJDUMP='objdump'
OBJEXT='o'
OTOOL64=''
OTOOL=''
PACKAGE='cjs'
PACKAGE_BUGREPORT='http://bugzilla.gnome.org/enter_bug.cgi?product=cjs'
PACKAGE_NAME='cjs'
PACKAGE_STRING='cjs 2.0.0'
PACKAGE_TARNAME='cjs'
PACKAGE_URL=''
PACKAGE_VERSION='2.0.0'
PATH_SEPARATOR=':'
PKG_CONFIG='/usr/bin/pkg-config'
PKG_CONFIG_LIBDIR=''
PKG_CONFIG_PATH=''
RANLIB='ranlib'
READLINE_LIBS=''
SED='/bin/sed'
SET_MAKE=''
SHELL='/bin/bash'
STRIP='strip'
VERSION='2.0.0'
ac_ct_AR='ar'
ac_ct_CC='gcc'
ac_ct_CXX='g++'
ac_ct_DUMPBIN=''
am__EXEEXT_FALSE=''
am__EXEEXT_TRUE='#'
am__fastdepCC_FALSE=''
am__fastdepCC_TRUE='#'
am__fastdepCXX_FALSE=''
am__fastdepCXX_TRUE='#'
am__include='include'
am__isrc=''
am__leading_dot='.'
am__nodep=''
am__quote=''
am__tar='$${TAR-tar} chof - "$$tardir"'
am__untar='$${TAR-tar} xf -'
bindir='${exec_prefix}/bin'
build='i686-pc-linux-gnu'
build_alias='i686-linux-gnu'
build_cpu='i686'
build_os='linux-gnu'
build_vendor='pc'
datadir='${datarootdir}'
datarootdir='${prefix}/share'
docdir='${datarootdir}/doc/${PACKAGE_TARNAME}'
dvidir='${docdir}'
exec_prefix='${prefix}'
gjsjsdir='${datadir}/cjs-1.0'
gjsnativedir='${libdir}/cjs-1.0'
host='i686-pc-linux-gnu'
host_alias=''
host_cpu='i686'
host_os='linux-gnu'
host_vendor='pc'
htmldir='${docdir}'
includedir='${prefix}/include'
infodir='${prefix}/share/info'
install_sh='${SHELL} /home/arun/DE/CJS/cjs/install-sh'
libdir='${exec_prefix}/lib'
libexecdir='${prefix}/lib/cjs'
localedir='${datarootdir}/locale'
localstatedir='/var'
mandir='${prefix}/share/man'
mkdir_p='/bin/mkdir -p'
oldincludedir='/usr/include'
pdfdir='${docdir}'
prefix='/usr'
program_transform_name='s,x,x,'
psdir='${docdir}'
sbindir='${exec_prefix}/sbin'
sharedstatedir='${prefix}/com'
sysconfdir='/etc'
target_alias=''

## ----------- ##
## confdefs.h. ##
## ----------- ##

/* confdefs.h */
#define PACKAGE_NAME "cjs"
#define PACKAGE_TARNAME "cjs"
#define PACKAGE_VERSION "2.0.0"
#define PACKAGE_STRING "cjs 2.0.0"
#define PACKAGE_BUGREPORT "http://bugzilla.gnome.org/enter_bug.cgi?product=cjs"
#define PACKAGE_URL ""
#define PACKAGE "cjs"
#define VERSION "2.0.0"
#define GETTEXT_PACKAGE "cjs"
#define STDC_HEADERS 1
#define HAVE_SYS_TYPES_H 1
#define HAVE_SYS_STAT_H 1
#define HAVE_STDLIB_H 1
#define HAVE_STRING_H 1
#define HAVE_MEMORY_H 1
#define HAVE_STRINGS_H 1
#define HAVE_INTTYPES_H 1
#define HAVE_STDINT_H 1
#define HAVE_UNISTD_H 1
#define HAVE_DLFCN_H 1
#define LT_OBJDIR ".libs/"
#define HAVE_MALLOC_H 1
#define HAVE_MALLINFO 1
#define HAVE_DBUS_MESSAGE_ITER_ABANDON_CONTAINER 1
#define HAVE_BACKTRACE 1

configure: exit 0
